<?xml version="1.0" encoding="UTF-8"?>
<testng-results skipped="0" failed="0" total="1" passed="1">
  <reporter-output>
  </reporter-output>
  <suite name="WebDriver" duration-ms="7253" started-at="2019-03-20T21:34:25Z" finished-at="2019-03-20T21:34:32Z">
    <groups>
    </groups>
    <test name="Test" duration-ms="7253" started-at="2019-03-20T21:34:25Z" finished-at="2019-03-20T21:34:32Z">
      <class name="TestNG.addbook">
        <test-method status="PASS" signature="launch()[pri:0, instance:TestNG.addbook@5f375618]" name="launch" is-config="true" duration-ms="5101" started-at="2019-03-20T17:34:25Z" finished-at="2019-03-20T17:34:30Z">
          <reporter-output>
          </reporter-output>
        </test-method> <!-- launch -->
        <test-method status="PASS" signature="verifyaddbook()[pri:0, instance:TestNG.addbook@5f375618]" name="verifyaddbook" duration-ms="2138" started-at="2019-03-20T17:34:30Z" finished-at="2019-03-20T17:34:32Z">
          <reporter-output>
          </reporter-output>
        </test-method> <!-- verifyaddbook -->
      </class> <!-- TestNG.addbook -->
    </test> <!-- Test -->
  </suite> <!-- WebDriver -->
</testng-results>
